<?xml version="1.0" encoding="UTF-8"?>
<coverage generated="1750183716752" clover="3.2.0">
  <project timestamp="1750183716752" name="All files">
    <metrics statements="18" coveredstatements="14" conditionals="8" coveredconditionals="4" methods="7" coveredmethods="5" elements="33" coveredelements="23" complexity="0" loc="18" ncloc="18" packages="2" files="2" classes="2"/>
    <package name="components">
      <metrics statements="13" coveredstatements="10" conditionals="4" coveredconditionals="3" methods="6" coveredmethods="4"/>
      <file name="Chat.js" path="C:\Users\User\OneDrive\Vonne Personal\MMDC_3rd_Year(Projects)\brainbytesAI\frontend\components\Chat.js">
        <metrics statements="13" coveredstatements="10" conditionals="4" coveredconditionals="3" methods="6" coveredmethods="4"/>
        <line num="4" count="1" type="stmt"/>
        <line num="5" count="3" type="stmt"/>
        <line num="6" count="3" type="stmt"/>
        <line num="7" count="3" type="stmt"/>
        <line num="9" count="3" type="stmt"/>
        <line num="10" count="2" type="stmt"/>
        <line num="11" count="0" type="stmt"/>
        <line num="12" count="1" type="stmt"/>
        <line num="13" count="1" type="stmt"/>
        <line num="16" count="3" type="cond" truecount="2" falsecount="0"/>
        <line num="17" count="1" type="cond" truecount="1" falsecount="1"/>
        <line num="19" count="0" type="stmt"/>
        <line num="22" count="0" type="stmt"/>
      </file>
    </package>
    <package name="utils">
      <metrics statements="5" coveredstatements="4" conditionals="4" coveredconditionals="1" methods="1" coveredmethods="1"/>
      <file name="api.js" path="C:\Users\User\OneDrive\Vonne Personal\MMDC_3rd_Year(Projects)\brainbytesAI\frontend\utils\api.js">
        <metrics statements="5" coveredstatements="4" conditionals="4" coveredconditionals="1" methods="1" coveredmethods="1"/>
        <line num="3" count="1" type="stmt"/>
        <line num="4" count="1" type="cond" truecount="1" falsecount="1"/>
        <line num="6" count="0" type="cond" truecount="0" falsecount="2"/>
        <line num="9" count="1" type="stmt"/>
        <line num="12" count="1" type="stmt"/>
      </file>
    </package>
  </project>
</coverage>
