{"C:\\Users\\User\\OneDrive\\Vonne Personal\\MMDC_3rd_Year(Projects)\\brainbytesAI\\frontend\\components\\Chat.js": {"path":"C:\\Users\\User\\OneDrive\\Vonne Personal\\MMDC_3rd_Year(Projects)\\brainbytesAI\\frontend\\components\\Chat.js","statementMap":{"0":{"start":{"line":4,"column":13},"end":{"line":26,"column":1}},"1":{"start":{"line":5,"column":34},"end":{"line":5,"column":46}},"2":{"start":{"line":6,"column":32},"end":{"line":6,"column":46}},"3":{"start":{"line":7,"column":28},"end":{"line":7,"column":42}},"4":{"start":{"line":9,"column":2},"end":{"line":14,"column":9}},"5":{"start":{"line":10,"column":4},"end":{"line":13,"column":40}},"6":{"start":{"line":11,"column":21},"end":{"line":11,"column":42}},"7":{"start":{"line":12,"column":22},"end":{"line":12,"column":52}},"8":{"start":{"line":13,"column":21},"end":{"line":13,"column":38}},"9":{"start":{"line":16,"column":2},"end":{"line":16,"column":44}},"10":{"start":{"line":16,"column":15},"end":{"line":16,"column":44}},"11":{"start":{"line":17,"column":2},"end":{"line":17,"column":39}},"12":{"start":{"line":17,"column":13},"end":{"line":17,"column":39}},"13":{"start":{"line":19,"column":2},"end":{"line":25,"column":4}},"14":{"start":{"line":22,"column":8},"end":{"line":22,"column":44}}},"fnMap":{"0":{"name":"(anonymous_0)","decl":{"start":{"line":4,"column":13},"end":{"line":4,"column":14}},"loc":{"start":{"line":4,"column":19},"end":{"line":26,"column":1}},"line":4},"1":{"name":"(anonymous_1)","decl":{"start":{"line":9,"column":12},"end":{"line":9,"column":13}},"loc":{"start":{"line":9,"column":18},"end":{"line":14,"column":3}},"line":9},"2":{"name":"(anonymous_2)","decl":{"start":{"line":11,"column":12},"end":{"line":11,"column":13}},"loc":{"start":{"line":11,"column":21},"end":{"line":11,"column":42}},"line":11},"3":{"name":"(anonymous_3)","decl":{"start":{"line":12,"column":13},"end":{"line":12,"column":14}},"loc":{"start":{"line":12,"column":22},"end":{"line":12,"column":52}},"line":12},"4":{"name":"(anonymous_4)","decl":{"start":{"line":13,"column":15},"end":{"line":13,"column":16}},"loc":{"start":{"line":13,"column":21},"end":{"line":13,"column":38}},"line":13},"5":{"name":"(anonymous_5)","decl":{"start":{"line":21,"column":20},"end":{"line":21,"column":21}},"loc":{"start":{"line":22,"column":8},"end":{"line":22,"column":44}},"line":22}},"branchMap":{"0":{"loc":{"start":{"line":16,"column":2},"end":{"line":16,"column":44}},"type":"if","locations":[{"start":{"line":16,"column":2},"end":{"line":16,"column":44}},{"start":{},"end":{}}],"line":16},"1":{"loc":{"start":{"line":17,"column":2},"end":{"line":17,"column":39}},"type":"if","locations":[{"start":{"line":17,"column":2},"end":{"line":17,"column":39}},{"start":{},"end":{}}],"line":17}},"s":{"0":1,"1":3,"2":3,"3":3,"4":3,"5":2,"6":0,"7":1,"8":1,"9":3,"10":2,"11":1,"12":1,"13":0,"14":0},"f":{"0":3,"1":2,"2":0,"3":1,"4":1,"5":0},"b":{"0":[2,1],"1":[1,0]},"_coverageSchema":"1a1c01bbd47fc00a2c39e90264f33305004495a9","hash":"26ab9d32c37638d5eba0e489a73472f105654a3f"}
,"C:\\Users\\User\\OneDrive\\Vonne Personal\\MMDC_3rd_Year(Projects)\\brainbytesAI\\frontend\\utils\\api.js": {"path":"C:\\Users\\User\\OneDrive\\Vonne Personal\\MMDC_3rd_Year(Projects)\\brainbytesAI\\frontend\\utils\\api.js","statementMap":{"0":{"start":{"line":3,"column":19},"end":{"line":10,"column":1}},"1":{"start":{"line":4,"column":2},"end":{"line":7,"column":3}},"2":{"start":{"line":6,"column":4},"end":{"line":6,"column":68}},"3":{"start":{"line":9,"column":2},"end":{"line":9,"column":33}},"4":{"start":{"line":12,"column":12},"end":{"line":15,"column":2}}},"fnMap":{"0":{"name":"(anonymous_0)","decl":{"start":{"line":3,"column":19},"end":{"line":3,"column":20}},"loc":{"start":{"line":3,"column":25},"end":{"line":10,"column":1}},"line":3}},"branchMap":{"0":{"loc":{"start":{"line":4,"column":2},"end":{"line":7,"column":3}},"type":"if","locations":[{"start":{"line":4,"column":2},"end":{"line":7,"column":3}},{"start":{},"end":{}}],"line":4},"1":{"loc":{"start":{"line":6,"column":11},"end":{"line":6,"column":67}},"type":"binary-expr","locations":[{"start":{"line":6,"column":11},"end":{"line":6,"column":42}},{"start":{"line":6,"column":46},"end":{"line":6,"column":67}}],"line":6}},"s":{"0":1,"1":1,"2":0,"3":1,"4":1},"f":{"0":1},"b":{"0":[0,1],"1":[0,0]},"_coverageSchema":"1a1c01bbd47fc00a2c39e90264f33305004495a9","hash":"34d3b7f2c3f175f4bc025a86f2e8fc92d4a071e3"}
}
