{"C:\\Users\\DREAM PC\\brainbytes-multi-container\\backend\\aiService.js": {"path":"C:\\Users\\DREAM PC\\brainbytes-multi-container\\backend\\aiService.js","statementMap":{"0":{"start":{"line":4,"column":17},"end":{"line":4,"column":72}},"1":{"start":{"line":7,"column":24},"end":{"line":141,"column":1}},"2":{"start":{"line":144,"column":22},"end":{"line":186,"column":1}},"3":{"start":{"line":189,"column":26},"end":{"line":276,"column":1}},"4":{"start":{"line":279,"column":23},"end":{"line":334,"column":1}},"5":{"start":{"line":338,"column":2},"end":{"line":342,"column":12}},"6":{"start":{"line":346,"column":16},"end":{"line":346,"column":38}},"7":{"start":{"line":348,"column":15},"end":{"line":356,"column":3}},"8":{"start":{"line":359,"column":2},"end":{"line":364,"column":3}},"9":{"start":{"line":363,"column":4},"end":{"line":363,"column":21}},"10":{"start":{"line":367,"column":23},"end":{"line":381,"column":3}},"11":{"start":{"line":383,"column":2},"end":{"line":385,"column":3}},"12":{"start":{"line":383,"column":34},"end":{"line":383,"column":54}},"13":{"start":{"line":384,"column":4},"end":{"line":384,"column":24}},"14":{"start":{"line":388,"column":2},"end":{"line":396,"column":3}},"15":{"start":{"line":389,"column":4},"end":{"line":395,"column":7}},"16":{"start":{"line":391,"column":20},"end":{"line":391,"column":69}},"17":{"start":{"line":392,"column":6},"end":{"line":394,"column":7}},"18":{"start":{"line":393,"column":8},"end":{"line":393,"column":25}},"19":{"start":{"line":399,"column":23},"end":{"line":401,"column":39}},"20":{"start":{"line":400,"column":20},"end":{"line":400,"column":31}},"21":{"start":{"line":401,"column":23},"end":{"line":401,"column":35}},"22":{"start":{"line":403,"column":2},"end":{"line":403,"column":52}},"23":{"start":{"line":407,"column":16},"end":{"line":407,"column":38}},"24":{"start":{"line":409,"column":2},"end":{"line":409,"column":49}},"25":{"start":{"line":412,"column":17},"end":{"line":412,"column":18}},"26":{"start":{"line":413,"column":17},"end":{"line":413,"column":18}},"27":{"start":{"line":414,"column":21},"end":{"line":414,"column":51}},"28":{"start":{"line":417,"column":20},"end":{"line":417,"column":74}},"29":{"start":{"line":420,"column":2},"end":{"line":448,"column":5}},"30":{"start":{"line":422,"column":18},"end":{"line":422,"column":64}},"31":{"start":{"line":423,"column":4},"end":{"line":447,"column":5}},"32":{"start":{"line":425,"column":6},"end":{"line":425,"column":39}},"33":{"start":{"line":428,"column":24},"end":{"line":428,"column":43}},"34":{"start":{"line":429,"column":28},"end":{"line":432,"column":7}},"35":{"start":{"line":434,"column":6},"end":{"line":446,"column":7}},"36":{"start":{"line":434,"column":34},"end":{"line":434,"column":61}},"37":{"start":{"line":435,"column":8},"end":{"line":435,"column":24}},"38":{"start":{"line":436,"column":8},"end":{"line":436,"column":55}},"39":{"start":{"line":439,"column":32},"end":{"line":444,"column":9}},"40":{"start":{"line":445,"column":8},"end":{"line":445,"column":59}},"41":{"start":{"line":451,"column":2},"end":{"line":460,"column":5}},"42":{"start":{"line":452,"column":18},"end":{"line":452,"column":64}},"43":{"start":{"line":453,"column":4},"end":{"line":459,"column":5}},"44":{"start":{"line":454,"column":6},"end":{"line":454,"column":39}},"45":{"start":{"line":457,"column":30},"end":{"line":457,"column":71}},"46":{"start":{"line":458,"column":6},"end":{"line":458,"column":57}},"47":{"start":{"line":463,"column":2},"end":{"line":469,"column":3}},"48":{"start":{"line":467,"column":4},"end":{"line":467,"column":18}},"49":{"start":{"line":468,"column":4},"end":{"line":468,"column":51}},"50":{"start":{"line":471,"column":2},"end":{"line":477,"column":3}},"51":{"start":{"line":475,"column":4},"end":{"line":475,"column":18}},"52":{"start":{"line":476,"column":4},"end":{"line":476,"column":53}},"53":{"start":{"line":480,"column":2},"end":{"line":485,"column":5}},"54":{"start":{"line":488,"column":2},"end":{"line":488,"column":62}},"55":{"start":{"line":488,"column":44},"end":{"line":488,"column":62}},"56":{"start":{"line":489,"column":2},"end":{"line":489,"column":62}},"57":{"start":{"line":489,"column":44},"end":{"line":489,"column":62}},"58":{"start":{"line":490,"column":2},"end":{"line":490,"column":19}},"59":{"start":{"line":494,"column":16},"end":{"line":494,"column":38}},"60":{"start":{"line":497,"column":15},"end":{"line":503,"column":3}},"61":{"start":{"line":506,"column":2},"end":{"line":508,"column":3}},"62":{"start":{"line":507,"column":4},"end":{"line":507,"column":27}},"63":{"start":{"line":510,"column":2},"end":{"line":512,"column":3}},"64":{"start":{"line":511,"column":4},"end":{"line":511,"column":28}},"65":{"start":{"line":514,"column":2},"end":{"line":516,"column":3}},"66":{"start":{"line":515,"column":4},"end":{"line":515,"column":24}},"67":{"start":{"line":518,"column":2},"end":{"line":524,"column":3}},"68":{"start":{"line":523,"column":4},"end":{"line":523,"column":28}},"69":{"start":{"line":527,"column":2},"end":{"line":533,"column":3}},"70":{"start":{"line":528,"column":4},"end":{"line":532,"column":7}},"71":{"start":{"line":529,"column":6},"end":{"line":531,"column":7}},"72":{"start":{"line":530,"column":8},"end":{"line":530,"column":26}},"73":{"start":{"line":536,"column":2},"end":{"line":536,"column":66}},"74":{"start":{"line":536,"column":47},"end":{"line":536,"column":58}},"75":{"start":{"line":541,"column":18},"end":{"line":541,"column":37}},"76":{"start":{"line":544,"column":2},"end":{"line":544,"column":52}},"77":{"start":{"line":547,"column":2},"end":{"line":547,"column":53}},"78":{"start":{"line":549,"column":2},"end":{"line":561,"column":3}},"79":{"start":{"line":551,"column":6},"end":{"line":551,"column":23}},"80":{"start":{"line":553,"column":6},"end":{"line":553,"column":23}},"81":{"start":{"line":555,"column":6},"end":{"line":555,"column":23}},"82":{"start":{"line":558,"column":6},"end":{"line":558,"column":23}},"83":{"start":{"line":560,"column":6},"end":{"line":560,"column":23}},"84":{"start":{"line":565,"column":19},"end":{"line":565,"column":43}},"85":{"start":{"line":566,"column":16},"end":{"line":566,"column":44}},"86":{"start":{"line":567,"column":20},"end":{"line":567,"column":45}},"87":{"start":{"line":569,"column":2},"end":{"line":594,"column":3}},"88":{"start":{"line":570,"column":16},"end":{"line":573,"column":6}},"89":{"start":{"line":574,"column":15},"end":{"line":574,"column":30}},"90":{"start":{"line":575,"column":4},"end":{"line":575,"column":31}},"91":{"start":{"line":576,"column":4},"end":{"line":578,"column":5}},"92":{"start":{"line":577,"column":6},"end":{"line":577,"column":48}},"93":{"start":{"line":579,"column":4},"end":{"line":584,"column":6}},"94":{"start":{"line":586,"column":4},"end":{"line":586,"column":38}},"95":{"start":{"line":587,"column":21},"end":{"line":587,"column":51}},"96":{"start":{"line":589,"column":6},"end":{"line":591,"column":38}},"97":{"start":{"line":592,"column":17},"end":{"line":592,"column":54}},"98":{"start":{"line":593,"column":4},"end":{"line":593,"column":72}},"99":{"start":{"line":598,"column":2},"end":{"line":605,"column":3}},"100":{"start":{"line":600,"column":6},"end":{"line":600,"column":74}},"101":{"start":{"line":602,"column":6},"end":{"line":602,"column":61}},"102":{"start":{"line":604,"column":6},"end":{"line":604,"column":66}}},"fnMap":{"0":{"name":"cleanMarkdown","decl":{"start":{"line":336,"column":9},"end":{"line":336,"column":22}},"loc":{"start":{"line":336,"column":29},"end":{"line":343,"column":1}},"line":336},"1":{"name":"detectCategory","decl":{"start":{"line":345,"column":9},"end":{"line":345,"column":23}},"loc":{"start":{"line":345,"column":34},"end":{"line":404,"column":1}},"line":345},"2":{"name":"(anonymous_2)","decl":{"start":{"line":383,"column":24},"end":{"line":383,"column":25}},"loc":{"start":{"line":383,"column":34},"end":{"line":383,"column":54}},"line":383},"3":{"name":"(anonymous_3)","decl":{"start":{"line":389,"column":16},"end":{"line":389,"column":17}},"loc":{"start":{"line":389,"column":29},"end":{"line":395,"column":5}},"line":389},"4":{"name":"(anonymous_4)","decl":{"start":{"line":400,"column":10},"end":{"line":400,"column":11}},"loc":{"start":{"line":400,"column":20},"end":{"line":400,"column":31}},"line":400},"5":{"name":"(anonymous_5)","decl":{"start":{"line":401,"column":12},"end":{"line":401,"column":13}},"loc":{"start":{"line":401,"column":23},"end":{"line":401,"column":35}},"line":401},"6":{"name":"detectSentiment","decl":{"start":{"line":406,"column":9},"end":{"line":406,"column":24}},"loc":{"start":{"line":406,"column":35},"end":{"line":491,"column":1}},"line":406},"7":{"name":"(anonymous_7)","decl":{"start":{"line":420,"column":37},"end":{"line":420,"column":38}},"loc":{"start":{"line":420,"column":47},"end":{"line":448,"column":3}},"line":420},"8":{"name":"(anonymous_8)","decl":{"start":{"line":434,"column":25},"end":{"line":434,"column":26}},"loc":{"start":{"line":434,"column":34},"end":{"line":434,"column":61}},"line":434},"9":{"name":"(anonymous_9)","decl":{"start":{"line":451,"column":37},"end":{"line":451,"column":38}},"loc":{"start":{"line":451,"column":47},"end":{"line":460,"column":3}},"line":451},"10":{"name":"detectQuestionType","decl":{"start":{"line":493,"column":9},"end":{"line":493,"column":27}},"loc":{"start":{"line":493,"column":38},"end":{"line":537,"column":1}},"line":493},"11":{"name":"(anonymous_11)","decl":{"start":{"line":528,"column":21},"end":{"line":528,"column":22}},"loc":{"start":{"line":528,"column":34},"end":{"line":532,"column":5}},"line":528},"12":{"name":"(anonymous_12)","decl":{"start":{"line":536,"column":37},"end":{"line":536,"column":38}},"loc":{"start":{"line":536,"column":47},"end":{"line":536,"column":58}},"line":536},"13":{"name":"formatResponseByType","decl":{"start":{"line":539,"column":9},"end":{"line":539,"column":29}},"loc":{"start":{"line":539,"column":42},"end":{"line":562,"column":1}},"line":539},"14":{"name":"generateResponse","decl":{"start":{"line":564,"column":15},"end":{"line":564,"column":31}},"loc":{"start":{"line":564,"column":42},"end":{"line":595,"column":1}},"line":564},"15":{"name":"getDefaultFallback","decl":{"start":{"line":597,"column":9},"end":{"line":597,"column":27}},"loc":{"start":{"line":597,"column":38},"end":{"line":606,"column":1}},"line":597}},"branchMap":{"0":{"loc":{"start":{"line":359,"column":2},"end":{"line":364,"column":3}},"type":"if","locations":[{"start":{"line":359,"column":2},"end":{"line":364,"column":3}},{"start":{},"end":{}}],"line":359},"1":{"loc":{"start":{"line":360,"column":4},"end":{"line":361,"column":58}},"type":"binary-expr","locations":[{"start":{"line":360,"column":5},"end":{"line":360,"column":29}},{"start":{"line":360,"column":33},"end":{"line":360,"column":50}},{"start":{"line":361,"column":4},"end":{"line":361,"column":58}}],"line":360},"2":{"loc":{"start":{"line":383,"column":2},"end":{"line":385,"column":3}},"type":"if","locations":[{"start":{"line":383,"column":2},"end":{"line":385,"column":3}},{"start":{},"end":{}}],"line":383},"3":{"loc":{"start":{"line":392,"column":6},"end":{"line":394,"column":7}},"type":"if","locations":[{"start":{"line":392,"column":6},"end":{"line":394,"column":7}},{"start":{},"end":{}}],"line":392},"4":{"loc":{"start":{"line":403,"column":9},"end":{"line":403,"column":51}},"type":"cond-expr","locations":[{"start":{"line":403,"column":24},"end":{"line":403,"column":39}},{"start":{"line":403,"column":42},"end":{"line":403,"column":51}}],"line":403},"5":{"loc":{"start":{"line":423,"column":4},"end":{"line":447,"column":5}},"type":"if","locations":[{"start":{"line":423,"column":4},"end":{"line":447,"column":5}},{"start":{},"end":{}}],"line":423},"6":{"loc":{"start":{"line":434,"column":6},"end":{"line":446,"column":7}},"type":"if","locations":[{"start":{"line":434,"column":6},"end":{"line":446,"column":7}},{"start":{"line":437,"column":13},"end":{"line":446,"column":7}}],"line":434},"7":{"loc":{"start":{"line":445,"column":20},"end":{"line":445,"column":58}},"type":"cond-expr","locations":[{"start":{"line":445,"column":53},"end":{"line":445,"column":54}},{"start":{"line":445,"column":57},"end":{"line":445,"column":58}}],"line":445},"8":{"loc":{"start":{"line":453,"column":4},"end":{"line":459,"column":5}},"type":"if","locations":[{"start":{"line":453,"column":4},"end":{"line":459,"column":5}},{"start":{},"end":{}}],"line":453},"9":{"loc":{"start":{"line":458,"column":18},"end":{"line":458,"column":56}},"type":"cond-expr","locations":[{"start":{"line":458,"column":51},"end":{"line":458,"column":52}},{"start":{"line":458,"column":55},"end":{"line":458,"column":56}}],"line":458},"10":{"loc":{"start":{"line":463,"column":2},"end":{"line":469,"column":3}},"type":"if","locations":[{"start":{"line":463,"column":2},"end":{"line":469,"column":3}},{"start":{},"end":{}}],"line":463},"11":{"loc":{"start":{"line":464,"column":4},"end":{"line":465,"column":39}},"type":"binary-expr","locations":[{"start":{"line":464,"column":4},"end":{"line":464,"column":39}},{"start":{"line":465,"column":4},"end":{"line":465,"column":39}}],"line":464},"12":{"loc":{"start":{"line":471,"column":2},"end":{"line":477,"column":3}},"type":"if","locations":[{"start":{"line":471,"column":2},"end":{"line":477,"column":3}},{"start":{},"end":{}}],"line":471},"13":{"loc":{"start":{"line":472,"column":4},"end":{"line":473,"column":37}},"type":"binary-expr","locations":[{"start":{"line":472,"column":4},"end":{"line":472,"column":44}},{"start":{"line":473,"column":4},"end":{"line":473,"column":37}}],"line":472},"14":{"loc":{"start":{"line":488,"column":2},"end":{"line":488,"column":62}},"type":"if","locations":[{"start":{"line":488,"column":2},"end":{"line":488,"column":62}},{"start":{},"end":{}}],"line":488},"15":{"loc":{"start":{"line":488,"column":6},"end":{"line":488,"column":42}},"type":"binary-expr","locations":[{"start":{"line":488,"column":6},"end":{"line":488,"column":25}},{"start":{"line":488,"column":29},"end":{"line":488,"column":42}}],"line":488},"16":{"loc":{"start":{"line":489,"column":2},"end":{"line":489,"column":62}},"type":"if","locations":[{"start":{"line":489,"column":2},"end":{"line":489,"column":62}},{"start":{},"end":{}}],"line":489},"17":{"loc":{"start":{"line":489,"column":6},"end":{"line":489,"column":42}},"type":"binary-expr","locations":[{"start":{"line":489,"column":6},"end":{"line":489,"column":25}},{"start":{"line":489,"column":29},"end":{"line":489,"column":42}}],"line":489},"18":{"loc":{"start":{"line":506,"column":2},"end":{"line":508,"column":3}},"type":"if","locations":[{"start":{"line":506,"column":2},"end":{"line":508,"column":3}},{"start":{},"end":{}}],"line":506},"19":{"loc":{"start":{"line":506,"column":6},"end":{"line":506,"column":63}},"type":"binary-expr","locations":[{"start":{"line":506,"column":6},"end":{"line":506,"column":33}},{"start":{"line":506,"column":37},"end":{"line":506,"column":63}}],"line":506},"20":{"loc":{"start":{"line":510,"column":2},"end":{"line":512,"column":3}},"type":"if","locations":[{"start":{"line":510,"column":2},"end":{"line":512,"column":3}},{"start":{},"end":{}}],"line":510},"21":{"loc":{"start":{"line":510,"column":6},"end":{"line":510,"column":61}},"type":"binary-expr","locations":[{"start":{"line":510,"column":6},"end":{"line":510,"column":29}},{"start":{"line":510,"column":33},"end":{"line":510,"column":61}}],"line":510},"22":{"loc":{"start":{"line":514,"column":2},"end":{"line":516,"column":3}},"type":"if","locations":[{"start":{"line":514,"column":2},"end":{"line":516,"column":3}},{"start":{},"end":{}}],"line":514},"23":{"loc":{"start":{"line":514,"column":6},"end":{"line":514,"column":64}},"type":"binary-expr","locations":[{"start":{"line":514,"column":6},"end":{"line":514,"column":31}},{"start":{"line":514,"column":35},"end":{"line":514,"column":64}}],"line":514},"24":{"loc":{"start":{"line":518,"column":2},"end":{"line":524,"column":3}},"type":"if","locations":[{"start":{"line":518,"column":2},"end":{"line":524,"column":3}},{"start":{},"end":{}}],"line":518},"25":{"loc":{"start":{"line":519,"column":4},"end":{"line":521,"column":48}},"type":"binary-expr","locations":[{"start":{"line":519,"column":4},"end":{"line":519,"column":33}},{"start":{"line":520,"column":4},"end":{"line":520,"column":31}},{"start":{"line":521,"column":4},"end":{"line":521,"column":48}}],"line":519},"26":{"loc":{"start":{"line":529,"column":6},"end":{"line":531,"column":7}},"type":"if","locations":[{"start":{"line":529,"column":6},"end":{"line":531,"column":7}},{"start":{},"end":{}}],"line":529},"27":{"loc":{"start":{"line":549,"column":2},"end":{"line":561,"column":3}},"type":"switch","locations":[{"start":{"line":550,"column":4},"end":{"line":551,"column":23}},{"start":{"line":552,"column":4},"end":{"line":553,"column":23}},{"start":{"line":554,"column":4},"end":{"line":555,"column":23}},{"start":{"line":556,"column":4},"end":{"line":558,"column":23}},{"start":{"line":559,"column":4},"end":{"line":560,"column":23}}],"line":549},"28":{"loc":{"start":{"line":576,"column":4},"end":{"line":578,"column":5}},"type":"if","locations":[{"start":{"line":576,"column":4},"end":{"line":578,"column":5}},{"start":{},"end":{}}],"line":576},"29":{"loc":{"start":{"line":587,"column":21},"end":{"line":587,"column":51}},"type":"binary-expr","locations":[{"start":{"line":587,"column":21},"end":{"line":587,"column":45}},{"start":{"line":587,"column":49},"end":{"line":587,"column":51}}],"line":587},"30":{"loc":{"start":{"line":589,"column":6},"end":{"line":591,"column":38}},"type":"cond-expr","locations":[{"start":{"line":590,"column":10},"end":{"line":590,"column":65}},{"start":{"line":591,"column":10},"end":{"line":591,"column":38}}],"line":589},"31":{"loc":{"start":{"line":598,"column":2},"end":{"line":605,"column":3}},"type":"switch","locations":[{"start":{"line":599,"column":4},"end":{"line":600,"column":74}},{"start":{"line":601,"column":4},"end":{"line":602,"column":61}},{"start":{"line":603,"column":4},"end":{"line":604,"column":66}}],"line":598}},"s":{"0":4,"1":4,"2":4,"3":4,"4":4,"5":11,"6":15,"7":15,"8":15,"9":3,"10":15,"11":15,"12":171,"13":2,"14":15,"15":90,"16":1815,"17":1815,"18":6,"19":15,"20":122,"21":105,"22":15,"23":15,"24":15,"25":15,"26":15,"27":15,"28":15,"29":15,"30":600,"31":600,"32":5,"33":5,"34":5,"35":5,"36":25,"37":1,"38":1,"39":4,"40":4,"41":15,"42":630,"43":630,"44":2,"45":2,"46":2,"47":15,"48":0,"49":0,"50":15,"51":0,"52":0,"53":15,"54":15,"55":2,"56":13,"57":3,"58":10,"59":15,"60":15,"61":15,"62":6,"63":15,"64":2,"65":15,"66":1,"67":15,"68":2,"69":15,"70":60,"71":495,"72":12,"73":15,"74":111,"75":11,"76":11,"77":11,"78":11,"79":5,"80":1,"81":0,"82":1,"83":4,"84":11,"85":11,"86":11,"87":11,"88":11,"89":0,"90":0,"91":0,"92":0,"93":0,"94":11,"95":11,"96":11,"97":11,"98":11,"99":5,"100":0,"101":0,"102":5},"f":{"0":11,"1":15,"2":171,"3":1815,"4":122,"5":105,"6":15,"7":600,"8":25,"9":630,"10":15,"11":495,"12":111,"13":11,"14":11,"15":5},"b":{"0":[3,12],"1":[15,2,13],"2":[2,13],"3":[6,1809],"4":[9,6],"5":[5,595],"6":[1,4],"7":[0,4],"8":[2,628],"9":[0,2],"10":[0,15],"11":[15,15],"12":[0,15],"13":[15,15],"14":[2,13],"15":[15,2],"16":[3,10],"17":[13,3],"18":[6,9],"19":[15,9],"20":[2,13],"21":[15,13],"22":[1,14],"23":[15,14],"24":[2,13],"25":[15,13,13],"26":[12,483],"27":[5,1,0,1,4],"28":[0,0],"29":[11,5],"30":[6,5],"31":[0,0,5]},"inputSourceMap":null,"_coverageSchema":"1a1c01bbd47fc00a2c39e90264f33305004495a9","hash":"b32c0dc7efb00a17aef5f457f1683cb1e37a7573"}
,"C:\\Users\\DREAM PC\\brainbytes-multi-container\\backend\\server.js": {"path":"C:\\Users\\DREAM PC\\brainbytes-multi-container\\backend\\server.js","statementMap":{"0":{"start":{"line":10,"column":12},"end":{"line":10,"column":21}},"1":{"start":{"line":11,"column":13},"end":{"line":11,"column":37}},"2":{"start":{"line":12,"column":19},"end":{"line":12,"column":58}},"3":{"start":{"line":15,"column":0},"end":{"line":15,"column":24}},"4":{"start":{"line":17,"column":23},"end":{"line":20,"column":1}},"5":{"start":{"line":22,"column":0},"end":{"line":33,"column":2}},"6":{"start":{"line":25,"column":6},"end":{"line":29,"column":7}},"7":{"start":{"line":26,"column":8},"end":{"line":26,"column":31}},"8":{"start":{"line":28,"column":8},"end":{"line":28,"column":51}},"9":{"start":{"line":39,"column":0},"end":{"line":54,"column":1}},"10":{"start":{"line":40,"column":19},"end":{"line":40,"column":42}},"11":{"start":{"line":41,"column":2},"end":{"line":41,"column":56}},"12":{"start":{"line":41,"column":17},"end":{"line":41,"column":56}},"13":{"start":{"line":42,"column":2},"end":{"line":53,"column":7}},"14":{"start":{"line":49,"column":6},"end":{"line":49,"column":42}},"15":{"start":{"line":52,"column":6},"end":{"line":52,"column":58}},"16":{"start":{"line":58,"column":22},"end":{"line":66,"column":2}},"17":{"start":{"line":68,"column":16},"end":{"line":68,"column":56}},"18":{"start":{"line":71,"column":26},"end":{"line":80,"column":2}},"19":{"start":{"line":82,"column":20},"end":{"line":82,"column":68}},"20":{"start":{"line":85,"column":31},"end":{"line":91,"column":2}},"21":{"start":{"line":93,"column":25},"end":{"line":96,"column":1}},"22":{"start":{"line":98,"column":23},"end":{"line":113,"column":1}},"23":{"start":{"line":99,"column":21},"end":{"line":99,"column":46}},"24":{"start":{"line":101,"column":2},"end":{"line":103,"column":3}},"25":{"start":{"line":102,"column":4},"end":{"line":102,"column":59}},"26":{"start":{"line":105,"column":2},"end":{"line":112,"column":3}},"27":{"start":{"line":106,"column":18},"end":{"line":106,"column":42}},"28":{"start":{"line":107,"column":20},"end":{"line":107,"column":49}},"29":{"start":{"line":108,"column":4},"end":{"line":108,"column":23}},"30":{"start":{"line":109,"column":4},"end":{"line":109,"column":11}},"31":{"start":{"line":111,"column":4},"end":{"line":111,"column":53}},"32":{"start":{"line":116,"column":0},"end":{"line":118,"column":3}},"33":{"start":{"line":117,"column":2},"end":{"line":117,"column":71}},"34":{"start":{"line":120,"column":0},"end":{"line":122,"column":3}},"35":{"start":{"line":121,"column":2},"end":{"line":121,"column":57}},"36":{"start":{"line":125,"column":0},"end":{"line":163,"column":3}},"37":{"start":{"line":126,"column":2},"end":{"line":162,"column":3}},"38":{"start":{"line":127,"column":57},"end":{"line":127,"column":65}},"39":{"start":{"line":129,"column":25},"end":{"line":129,"column":61}},"40":{"start":{"line":130,"column":4},"end":{"line":132,"column":5}},"41":{"start":{"line":131,"column":6},"end":{"line":131,"column":73}},"42":{"start":{"line":134,"column":27},"end":{"line":134,"column":58}},"43":{"start":{"line":136,"column":20},"end":{"line":141,"column":6}},"44":{"start":{"line":143,"column":4},"end":{"line":143,"column":25}},"45":{"start":{"line":146,"column":18},"end":{"line":148,"column":6}},"46":{"start":{"line":150,"column":4},"end":{"line":159,"column":7}},"47":{"start":{"line":161,"column":4},"end":{"line":161,"column":49}},"48":{"start":{"line":166,"column":0},"end":{"line":197,"column":3}},"49":{"start":{"line":167,"column":2},"end":{"line":196,"column":3}},"50":{"start":{"line":168,"column":32},"end":{"line":168,"column":40}},"51":{"start":{"line":170,"column":17},"end":{"line":170,"column":53}},"52":{"start":{"line":171,"column":4},"end":{"line":173,"column":5}},"53":{"start":{"line":172,"column":6},"end":{"line":172,"column":74}},"54":{"start":{"line":175,"column":20},"end":{"line":175,"column":65}},"55":{"start":{"line":176,"column":4},"end":{"line":178,"column":5}},"56":{"start":{"line":177,"column":6},"end":{"line":177,"column":74}},"57":{"start":{"line":180,"column":18},"end":{"line":182,"column":6}},"58":{"start":{"line":184,"column":4},"end":{"line":193,"column":7}},"59":{"start":{"line":195,"column":4},"end":{"line":195,"column":49}},"60":{"start":{"line":200,"column":0},"end":{"line":229,"column":3}},"61":{"start":{"line":201,"column":2},"end":{"line":228,"column":3}},"62":{"start":{"line":202,"column":22},"end":{"line":202,"column":30}},"63":{"start":{"line":203,"column":17},"end":{"line":203,"column":53}},"64":{"start":{"line":204,"column":4},"end":{"line":209,"column":5}},"65":{"start":{"line":206,"column":6},"end":{"line":208,"column":9}},"66":{"start":{"line":212,"column":18},"end":{"line":212,"column":56}},"67":{"start":{"line":213,"column":4},"end":{"line":213,"column":36}},"68":{"start":{"line":214,"column":4},"end":{"line":214,"column":60}},"69":{"start":{"line":215,"column":4},"end":{"line":215,"column":22}},"70":{"start":{"line":219,"column":22},"end":{"line":221,"column":7}},"71":{"start":{"line":222,"column":4},"end":{"line":225,"column":7}},"72":{"start":{"line":227,"column":4},"end":{"line":227,"column":49}},"73":{"start":{"line":232,"column":0},"end":{"line":251,"column":3}},"74":{"start":{"line":233,"column":2},"end":{"line":250,"column":3}},"75":{"start":{"line":234,"column":39},"end":{"line":234,"column":47}},"76":{"start":{"line":235,"column":17},"end":{"line":239,"column":6}},"77":{"start":{"line":240,"column":4},"end":{"line":242,"column":5}},"78":{"start":{"line":241,"column":6},"end":{"line":241,"column":74}},"79":{"start":{"line":243,"column":4},"end":{"line":243,"column":52}},"80":{"start":{"line":244,"column":4},"end":{"line":244,"column":40}},"81":{"start":{"line":245,"column":4},"end":{"line":245,"column":42}},"82":{"start":{"line":246,"column":4},"end":{"line":246,"column":22}},"83":{"start":{"line":247,"column":4},"end":{"line":247,"column":67}},"84":{"start":{"line":249,"column":4},"end":{"line":249,"column":49}},"85":{"start":{"line":254,"column":0},"end":{"line":266,"column":3}},"86":{"start":{"line":255,"column":2},"end":{"line":265,"column":3}},"87":{"start":{"line":256,"column":17},"end":{"line":258,"column":5}},"88":{"start":{"line":259,"column":4},"end":{"line":261,"column":5}},"89":{"start":{"line":260,"column":6},"end":{"line":260,"column":63}},"90":{"start":{"line":262,"column":4},"end":{"line":262,"column":19}},"91":{"start":{"line":264,"column":4},"end":{"line":264,"column":49}},"92":{"start":{"line":269,"column":0},"end":{"line":291,"column":3}},"93":{"start":{"line":270,"column":2},"end":{"line":290,"column":3}},"94":{"start":{"line":271,"column":40},"end":{"line":271,"column":48}},"95":{"start":{"line":273,"column":24},"end":{"line":281,"column":25}},"96":{"start":{"line":283,"column":4},"end":{"line":285,"column":5}},"97":{"start":{"line":284,"column":6},"end":{"line":284,"column":63}},"98":{"start":{"line":287,"column":4},"end":{"line":287,"column":26}},"99":{"start":{"line":289,"column":4},"end":{"line":289,"column":49}},"100":{"start":{"line":294,"column":0},"end":{"line":303,"column":3}},"101":{"start":{"line":295,"column":2},"end":{"line":302,"column":3}},"102":{"start":{"line":296,"column":21},"end":{"line":298,"column":6}},"103":{"start":{"line":299,"column":4},"end":{"line":299,"column":23}},"104":{"start":{"line":301,"column":4},"end":{"line":301,"column":49}},"105":{"start":{"line":306,"column":0},"end":{"line":371,"column":3}},"106":{"start":{"line":307,"column":2},"end":{"line":370,"column":3}},"107":{"start":{"line":308,"column":4},"end":{"line":314,"column":5}},"108":{"start":{"line":313,"column":6},"end":{"line":313,"column":73}},"109":{"start":{"line":316,"column":24},"end":{"line":320,"column":6}},"110":{"start":{"line":321,"column":4},"end":{"line":321,"column":29}},"111":{"start":{"line":324,"column":27},"end":{"line":326,"column":5}},"112":{"start":{"line":325,"column":6},"end":{"line":325,"column":67}},"113":{"start":{"line":325,"column":23},"end":{"line":325,"column":59}},"114":{"start":{"line":327,"column":28},"end":{"line":327,"column":59}},"115":{"start":{"line":328,"column":21},"end":{"line":340,"column":6}},"116":{"start":{"line":332,"column":6},"end":{"line":332,"column":63}},"117":{"start":{"line":333,"column":6},"end":{"line":339,"column":8}},"118":{"start":{"line":343,"column":4},"end":{"line":343,"column":45}},"119":{"start":{"line":344,"column":4},"end":{"line":344,"column":53}},"120":{"start":{"line":345,"column":4},"end":{"line":345,"column":47}},"121":{"start":{"line":346,"column":4},"end":{"line":346,"column":29}},"122":{"start":{"line":349,"column":22},"end":{"line":356,"column":6}},"123":{"start":{"line":357,"column":4},"end":{"line":357,"column":27}},"124":{"start":{"line":360,"column":4},"end":{"line":366,"column":7}},"125":{"start":{"line":368,"column":4},"end":{"line":368,"column":56}},"126":{"start":{"line":369,"column":4},"end":{"line":369,"column":49}},"127":{"start":{"line":375,"column":0},"end":{"line":390,"column":3}},"128":{"start":{"line":376,"column":2},"end":{"line":389,"column":3}},"129":{"start":{"line":377,"column":40},"end":{"line":377,"column":48}},"130":{"start":{"line":379,"column":21},"end":{"line":383,"column":6}},"131":{"start":{"line":385,"column":4},"end":{"line":385,"column":26}},"132":{"start":{"line":386,"column":4},"end":{"line":386,"column":35}},"133":{"start":{"line":388,"column":4},"end":{"line":388,"column":49}},"134":{"start":{"line":393,"column":0},"end":{"line":407,"column":3}},"135":{"start":{"line":394,"column":2},"end":{"line":406,"column":3}},"136":{"start":{"line":396,"column":19},"end":{"line":396,"column":21}},"137":{"start":{"line":397,"column":4},"end":{"line":399,"column":5}},"138":{"start":{"line":398,"column":6},"end":{"line":398,"column":41}},"139":{"start":{"line":401,"column":22},"end":{"line":401,"column":57}},"140":{"start":{"line":403,"column":4},"end":{"line":403,"column":24}},"141":{"start":{"line":405,"column":4},"end":{"line":405,"column":49}},"142":{"start":{"line":410,"column":0},"end":{"line":422,"column":3}},"143":{"start":{"line":411,"column":2},"end":{"line":421,"column":3}},"144":{"start":{"line":412,"column":21},"end":{"line":412,"column":67}},"145":{"start":{"line":414,"column":4},"end":{"line":416,"column":5}},"146":{"start":{"line":415,"column":6},"end":{"line":415,"column":76}},"147":{"start":{"line":418,"column":4},"end":{"line":418,"column":23}},"148":{"start":{"line":420,"column":4},"end":{"line":420,"column":49}},"149":{"start":{"line":425,"column":0},"end":{"line":447,"column":3}},"150":{"start":{"line":426,"column":2},"end":{"line":446,"column":3}},"151":{"start":{"line":427,"column":40},"end":{"line":427,"column":48}},"152":{"start":{"line":428,"column":28},"end":{"line":437,"column":5}},"153":{"start":{"line":439,"column":4},"end":{"line":441,"column":5}},"154":{"start":{"line":440,"column":6},"end":{"line":440,"column":76}},"155":{"start":{"line":443,"column":4},"end":{"line":443,"column":30}},"156":{"start":{"line":445,"column":4},"end":{"line":445,"column":49}},"157":{"start":{"line":450,"column":0},"end":{"line":464,"column":3}},"158":{"start":{"line":451,"column":2},"end":{"line":463,"column":3}},"159":{"start":{"line":452,"column":28},"end":{"line":454,"column":5}},"160":{"start":{"line":456,"column":4},"end":{"line":458,"column":5}},"161":{"start":{"line":457,"column":6},"end":{"line":457,"column":76}},"162":{"start":{"line":460,"column":4},"end":{"line":460,"column":68}},"163":{"start":{"line":462,"column":4},"end":{"line":462,"column":49}},"164":{"start":{"line":467,"column":0},"end":{"line":473,"column":3}},"165":{"start":{"line":468,"column":2},"end":{"line":472,"column":5}},"166":{"start":{"line":476,"column":0},"end":{"line":480,"column":1}},"167":{"start":{"line":477,"column":2},"end":{"line":479,"column":5}},"168":{"start":{"line":478,"column":4},"end":{"line":478,"column":50}}},"fnMap":{"0":{"name":"(anonymous_0)","decl":{"start":{"line":24,"column":12},"end":{"line":24,"column":13}},"loc":{"start":{"line":24,"column":34},"end":{"line":30,"column":5}},"line":24},"1":{"name":"(anonymous_1)","decl":{"start":{"line":48,"column":10},"end":{"line":48,"column":11}},"loc":{"start":{"line":48,"column":16},"end":{"line":50,"column":5}},"line":48},"2":{"name":"(anonymous_2)","decl":{"start":{"line":51,"column":11},"end":{"line":51,"column":12}},"loc":{"start":{"line":51,"column":20},"end":{"line":53,"column":5}},"line":51},"3":{"name":"(anonymous_3)","decl":{"start":{"line":98,"column":23},"end":{"line":98,"column":24}},"loc":{"start":{"line":98,"column":43},"end":{"line":113,"column":1}},"line":98},"4":{"name":"(anonymous_4)","decl":{"start":{"line":116,"column":42},"end":{"line":116,"column":43}},"loc":{"start":{"line":116,"column":56},"end":{"line":118,"column":1}},"line":116},"5":{"name":"(anonymous_5)","decl":{"start":{"line":120,"column":13},"end":{"line":120,"column":14}},"loc":{"start":{"line":120,"column":27},"end":{"line":122,"column":1}},"line":120},"6":{"name":"(anonymous_6)","decl":{"start":{"line":125,"column":31},"end":{"line":125,"column":32}},"loc":{"start":{"line":125,"column":51},"end":{"line":163,"column":1}},"line":125},"7":{"name":"(anonymous_7)","decl":{"start":{"line":166,"column":28},"end":{"line":166,"column":29}},"loc":{"start":{"line":166,"column":48},"end":{"line":197,"column":1}},"line":166},"8":{"name":"(anonymous_8)","decl":{"start":{"line":200,"column":38},"end":{"line":200,"column":39}},"loc":{"start":{"line":200,"column":58},"end":{"line":229,"column":1}},"line":200},"9":{"name":"(anonymous_9)","decl":{"start":{"line":232,"column":37},"end":{"line":232,"column":38}},"loc":{"start":{"line":232,"column":57},"end":{"line":251,"column":1}},"line":232},"10":{"name":"(anonymous_10)","decl":{"start":{"line":254,"column":45},"end":{"line":254,"column":46}},"loc":{"start":{"line":254,"column":65},"end":{"line":266,"column":1}},"line":254},"11":{"name":"(anonymous_11)","decl":{"start":{"line":269,"column":45},"end":{"line":269,"column":46}},"loc":{"start":{"line":269,"column":65},"end":{"line":291,"column":1}},"line":269},"12":{"name":"(anonymous_12)","decl":{"start":{"line":294,"column":41},"end":{"line":294,"column":42}},"loc":{"start":{"line":294,"column":61},"end":{"line":303,"column":1}},"line":294},"13":{"name":"(anonymous_13)","decl":{"start":{"line":306,"column":42},"end":{"line":306,"column":43}},"loc":{"start":{"line":306,"column":62},"end":{"line":371,"column":1}},"line":306},"14":{"name":"(anonymous_14)","decl":{"start":{"line":324,"column":39},"end":{"line":324,"column":40}},"loc":{"start":{"line":325,"column":6},"end":{"line":325,"column":67}},"line":325},"15":{"name":"(anonymous_15)","decl":{"start":{"line":325,"column":17},"end":{"line":325,"column":18}},"loc":{"start":{"line":325,"column":23},"end":{"line":325,"column":59}},"line":325},"16":{"name":"(anonymous_16)","decl":{"start":{"line":331,"column":13},"end":{"line":331,"column":14}},"loc":{"start":{"line":331,"column":24},"end":{"line":340,"column":5}},"line":331},"17":{"name":"(anonymous_17)","decl":{"start":{"line":375,"column":27},"end":{"line":375,"column":28}},"loc":{"start":{"line":375,"column":47},"end":{"line":390,"column":1}},"line":375},"18":{"name":"(anonymous_18)","decl":{"start":{"line":393,"column":26},"end":{"line":393,"column":27}},"loc":{"start":{"line":393,"column":46},"end":{"line":407,"column":1}},"line":393},"19":{"name":"(anonymous_19)","decl":{"start":{"line":410,"column":30},"end":{"line":410,"column":31}},"loc":{"start":{"line":410,"column":50},"end":{"line":422,"column":1}},"line":410},"20":{"name":"(anonymous_20)","decl":{"start":{"line":425,"column":30},"end":{"line":425,"column":31}},"loc":{"start":{"line":425,"column":50},"end":{"line":447,"column":1}},"line":425},"21":{"name":"(anonymous_21)","decl":{"start":{"line":450,"column":33},"end":{"line":450,"column":34}},"loc":{"start":{"line":450,"column":53},"end":{"line":464,"column":1}},"line":450},"22":{"name":"(anonymous_22)","decl":{"start":{"line":467,"column":23},"end":{"line":467,"column":24}},"loc":{"start":{"line":467,"column":37},"end":{"line":473,"column":1}},"line":467},"23":{"name":"(anonymous_23)","decl":{"start":{"line":477,"column":19},"end":{"line":477,"column":20}},"loc":{"start":{"line":477,"column":25},"end":{"line":479,"column":3}},"line":477}},"branchMap":{"0":{"loc":{"start":{"line":11,"column":13},"end":{"line":11,"column":37}},"type":"binary-expr","locations":[{"start":{"line":11,"column":13},"end":{"line":11,"column":29}},{"start":{"line":11,"column":33},"end":{"line":11,"column":37}}],"line":11},"1":{"loc":{"start":{"line":12,"column":19},"end":{"line":12,"column":58}},"type":"binary-expr","locations":[{"start":{"line":12,"column":19},"end":{"line":12,"column":41}},{"start":{"line":12,"column":45},"end":{"line":12,"column":58}}],"line":12},"2":{"loc":{"start":{"line":25,"column":6},"end":{"line":29,"column":7}},"type":"if","locations":[{"start":{"line":25,"column":6},"end":{"line":29,"column":7}},{"start":{"line":27,"column":13},"end":{"line":29,"column":7}}],"line":25},"3":{"loc":{"start":{"line":25,"column":10},"end":{"line":25,"column":52}},"type":"binary-expr","locations":[{"start":{"line":25,"column":10},"end":{"line":25,"column":17}},{"start":{"line":25,"column":21},"end":{"line":25,"column":52}}],"line":25},"4":{"loc":{"start":{"line":39,"column":0},"end":{"line":54,"column":1}},"type":"if","locations":[{"start":{"line":39,"column":0},"end":{"line":54,"column":1}},{"start":{},"end":{}}],"line":39},"5":{"loc":{"start":{"line":41,"column":2},"end":{"line":41,"column":56}},"type":"if","locations":[{"start":{"line":41,"column":2},"end":{"line":41,"column":56}},{"start":{},"end":{}}],"line":41},"6":{"loc":{"start":{"line":101,"column":2},"end":{"line":103,"column":3}},"type":"if","locations":[{"start":{"line":101,"column":2},"end":{"line":103,"column":3}},{"start":{},"end":{}}],"line":101},"7":{"loc":{"start":{"line":101,"column":6},"end":{"line":101,"column":54}},"type":"binary-expr","locations":[{"start":{"line":101,"column":6},"end":{"line":101,"column":17}},{"start":{"line":101,"column":21},"end":{"line":101,"column":54}}],"line":101},"8":{"loc":{"start":{"line":130,"column":4},"end":{"line":132,"column":5}},"type":"if","locations":[{"start":{"line":130,"column":4},"end":{"line":132,"column":5}},{"start":{},"end":{}}],"line":130},"9":{"loc":{"start":{"line":171,"column":4},"end":{"line":173,"column":5}},"type":"if","locations":[{"start":{"line":171,"column":4},"end":{"line":173,"column":5}},{"start":{},"end":{}}],"line":171},"10":{"loc":{"start":{"line":176,"column":4},"end":{"line":178,"column":5}},"type":"if","locations":[{"start":{"line":176,"column":4},"end":{"line":178,"column":5}},{"start":{},"end":{}}],"line":176},"11":{"loc":{"start":{"line":204,"column":4},"end":{"line":209,"column":5}},"type":"if","locations":[{"start":{"line":204,"column":4},"end":{"line":209,"column":5}},{"start":{},"end":{}}],"line":204},"12":{"loc":{"start":{"line":240,"column":4},"end":{"line":242,"column":5}},"type":"if","locations":[{"start":{"line":240,"column":4},"end":{"line":242,"column":5}},{"start":{},"end":{}}],"line":240},"13":{"loc":{"start":{"line":259,"column":4},"end":{"line":261,"column":5}},"type":"if","locations":[{"start":{"line":259,"column":4},"end":{"line":261,"column":5}},{"start":{},"end":{}}],"line":259},"14":{"loc":{"start":{"line":283,"column":4},"end":{"line":285,"column":5}},"type":"if","locations":[{"start":{"line":283,"column":4},"end":{"line":285,"column":5}},{"start":{},"end":{}}],"line":283},"15":{"loc":{"start":{"line":308,"column":4},"end":{"line":314,"column":5}},"type":"if","locations":[{"start":{"line":308,"column":4},"end":{"line":314,"column":5}},{"start":{},"end":{}}],"line":308},"16":{"loc":{"start":{"line":309,"column":6},"end":{"line":311,"column":33}},"type":"binary-expr","locations":[{"start":{"line":309,"column":6},"end":{"line":309,"column":20}},{"start":{"line":310,"column":6},"end":{"line":310,"column":39}},{"start":{"line":311,"column":6},"end":{"line":311,"column":33}}],"line":309},"17":{"loc":{"start":{"line":364,"column":20},"end":{"line":364,"column":54}},"type":"binary-expr","locations":[{"start":{"line":364,"column":20},"end":{"line":364,"column":41}},{"start":{"line":364,"column":45},"end":{"line":364,"column":54}}],"line":364},"18":{"loc":{"start":{"line":365,"column":17},"end":{"line":365,"column":48}},"type":"binary-expr","locations":[{"start":{"line":365,"column":17},"end":{"line":365,"column":35}},{"start":{"line":365,"column":39},"end":{"line":365,"column":48}}],"line":365},"19":{"loc":{"start":{"line":397,"column":4},"end":{"line":399,"column":5}},"type":"if","locations":[{"start":{"line":397,"column":4},"end":{"line":399,"column":5}},{"start":{},"end":{}}],"line":397},"20":{"loc":{"start":{"line":414,"column":4},"end":{"line":416,"column":5}},"type":"if","locations":[{"start":{"line":414,"column":4},"end":{"line":416,"column":5}},{"start":{},"end":{}}],"line":414},"21":{"loc":{"start":{"line":439,"column":4},"end":{"line":441,"column":5}},"type":"if","locations":[{"start":{"line":439,"column":4},"end":{"line":441,"column":5}},{"start":{},"end":{}}],"line":439},"22":{"loc":{"start":{"line":456,"column":4},"end":{"line":458,"column":5}},"type":"if","locations":[{"start":{"line":456,"column":4},"end":{"line":458,"column":5}},{"start":{},"end":{}}],"line":456},"23":{"loc":{"start":{"line":471,"column":17},"end":{"line":471,"column":54}},"type":"binary-expr","locations":[{"start":{"line":471,"column":17},"end":{"line":471,"column":37}},{"start":{"line":471,"column":41},"end":{"line":471,"column":54}}],"line":471},"24":{"loc":{"start":{"line":476,"column":0},"end":{"line":480,"column":1}},"type":"if","locations":[{"start":{"line":476,"column":0},"end":{"line":480,"column":1}},{"start":{},"end":{}}],"line":476}},"s":{"0":2,"1":2,"2":2,"3":2,"4":2,"5":2,"6":7,"7":7,"8":0,"9":2,"10":0,"11":0,"12":0,"13":0,"14":0,"15":0,"16":2,"17":2,"18":2,"19":2,"20":2,"21":2,"22":2,"23":4,"24":4,"25":1,"26":3,"27":3,"28":3,"29":3,"30":3,"31":0,"32":2,"33":0,"34":2,"35":1,"36":2,"37":1,"38":1,"39":1,"40":1,"41":0,"42":1,"43":1,"44":1,"45":1,"46":1,"47":0,"48":2,"49":1,"50":1,"51":1,"52":1,"53":0,"54":1,"55":1,"56":0,"57":1,"58":1,"59":0,"60":2,"61":0,"62":0,"63":0,"64":0,"65":0,"66":0,"67":0,"68":0,"69":0,"70":0,"71":0,"72":0,"73":2,"74":0,"75":0,"76":0,"77":0,"78":0,"79":0,"80":0,"81":0,"82":0,"83":0,"84":0,"85":2,"86":0,"87":0,"88":0,"89":0,"90":0,"91":0,"92":2,"93":0,"94":0,"95":0,"96":0,"97":0,"98":0,"99":0,"100":2,"101":1,"102":1,"103":1,"104":0,"105":2,"106":2,"107":2,"108":1,"109":1,"110":1,"111":1,"112":1,"113":0,"114":1,"115":1,"116":0,"117":0,"118":1,"119":1,"120":1,"121":1,"122":1,"123":1,"124":1,"125":0,"126":0,"127":2,"128":0,"129":0,"130":0,"131":0,"132":0,"133":0,"134":2,"135":0,"136":0,"137":0,"138":0,"139":0,"140":0,"141":0,"142":2,"143":0,"144":0,"145":0,"146":0,"147":0,"148":0,"149":2,"150":0,"151":0,"152":0,"153":0,"154":0,"155":0,"156":0,"157":2,"158":0,"159":0,"160":0,"161":0,"162":0,"163":0,"164":2,"165":0,"166":2,"167":0,"168":0},"f":{"0":7,"1":0,"2":0,"3":4,"4":0,"5":1,"6":1,"7":1,"8":0,"9":0,"10":0,"11":0,"12":1,"13":2,"14":1,"15":0,"16":0,"17":0,"18":0,"19":0,"20":0,"21":0,"22":0,"23":0},"b":{"0":[2,2],"1":[2,2],"2":[7,0],"3":[7,0],"4":[0,2],"5":[0,0],"6":[1,3],"7":[4,3],"8":[0,1],"9":[0,1],"10":[0,1],"11":[0,0],"12":[0,0],"13":[0,0],"14":[0,0],"15":[1,1],"16":[2,1,1],"17":[1,0],"18":[1,0],"19":[0,0],"20":[0,0],"21":[0,0],"22":[0,0],"23":[0,0],"24":[0,2]},"inputSourceMap":null,"_coverageSchema":"1a1c01bbd47fc00a2c39e90264f33305004495a9","hash":"74c9ec4f442bd2518950088b022682ec32dc19fd"}
,"C:\\Users\\DREAM PC\\brainbytes-multi-container\\backend\\services\\messageService.js": {"path":"C:\\Users\\DREAM PC\\brainbytes-multi-container\\backend\\services\\messageService.js","statementMap":{"0":{"start":{"line":4,"column":2},"end":{"line":4,"column":43}},"1":{"start":{"line":8,"column":2},"end":{"line":8,"column":63}}},"fnMap":{"0":{"name":"saveMessage","decl":{"start":{"line":3,"column":22},"end":{"line":3,"column":33}},"loc":{"start":{"line":3,"column":47},"end":{"line":5,"column":1}},"line":3},"1":{"name":"getMessagesByUser","decl":{"start":{"line":7,"column":22},"end":{"line":7,"column":39}},"loc":{"start":{"line":7,"column":48},"end":{"line":9,"column":1}},"line":7}},"branchMap":{},"s":{"0":1,"1":1},"f":{"0":1,"1":1},"b":{},"inputSourceMap":null,"_coverageSchema":"1a1c01bbd47fc00a2c39e90264f33305004495a9","hash":"b7e3304179b2301de7cae3ad41baf564bfb5dad4"}
}
