TN:
SF:aiService.js
FN:336,cleanMarkdown
FN:345,detectCategory
FN:383,(anonymous_2)
FN:389,(anonymous_3)
FN:400,(anonymous_4)
FN:401,(anonymous_5)
FN:406,detectSentiment
FN:420,(anonymous_7)
FN:434,(anonymous_8)
FN:451,(anonymous_9)
FN:493,detectQuestionType
FN:528,(anonymous_11)
FN:536,(anonymous_12)
FN:539,formatResponseByType
FN:564,generateResponse
FN:597,getDefaultFallback
FNF:16
FNH:16
FNDA:11,cleanMarkdown
FNDA:15,detectCategory
FNDA:171,(anonymous_2)
FNDA:1815,(anonymous_3)
FNDA:122,(anonymous_4)
FNDA:105,(anonymous_5)
FNDA:15,detectSentiment
FNDA:600,(anonymous_7)
FNDA:25,(anonymous_8)
FNDA:630,(anonymous_9)
FNDA:15,detectQuestionType
FNDA:495,(anonymous_11)
FNDA:111,(anonymous_12)
FNDA:11,formatResponseByType
FNDA:11,generateResponse
FNDA:5,getDefaultFallback
DA:4,4
DA:7,4
DA:144,4
DA:189,4
DA:279,4
DA:338,11
DA:346,15
DA:348,15
DA:359,15
DA:363,3
DA:367,15
DA:383,171
DA:384,2
DA:388,15
DA:389,90
DA:391,1815
DA:392,1815
DA:393,6
DA:399,15
DA:400,122
DA:401,105
DA:403,15
DA:407,15
DA:409,15
DA:412,15
DA:413,15
DA:414,15
DA:417,15
DA:420,15
DA:422,600
DA:423,600
DA:425,5
DA:428,5
DA:429,5
DA:434,25
DA:435,1
DA:436,1
DA:439,4
DA:445,4
DA:451,15
DA:452,630
DA:453,630
DA:454,2
DA:457,2
DA:458,2
DA:463,15
DA:467,0
DA:468,0
DA:471,15
DA:475,0
DA:476,0
DA:480,15
DA:488,15
DA:489,13
DA:490,10
DA:494,15
DA:497,15
DA:506,15
DA:507,6
DA:510,15
DA:511,2
DA:514,15
DA:515,1
DA:518,15
DA:523,2
DA:527,15
DA:528,60
DA:529,495
DA:530,12
DA:536,111
DA:541,11
DA:544,11
DA:547,11
DA:549,11
DA:551,5
DA:553,1
DA:555,0
DA:558,1
DA:560,4
DA:565,11
DA:566,11
DA:567,11
DA:569,11
DA:570,11
DA:574,0
DA:575,0
DA:576,0
DA:577,0
DA:579,0
DA:586,11
DA:587,11
DA:589,11
DA:592,11
DA:593,11
DA:598,5
DA:600,0
DA:602,0
DA:604,5
LF:98
LH:86
BRDA:359,0,0,3
BRDA:359,0,1,12
BRDA:360,1,0,15
BRDA:360,1,1,2
BRDA:360,1,2,13
BRDA:383,2,0,2
BRDA:383,2,1,13
BRDA:392,3,0,6
BRDA:392,3,1,1809
BRDA:403,4,0,9
BRDA:403,4,1,6
BRDA:423,5,0,5
BRDA:423,5,1,595
BRDA:434,6,0,1
BRDA:434,6,1,4
BRDA:445,7,0,0
BRDA:445,7,1,4
BRDA:453,8,0,2
BRDA:453,8,1,628
BRDA:458,9,0,0
BRDA:458,9,1,2
BRDA:463,10,0,0
BRDA:463,10,1,15
BRDA:464,11,0,15
BRDA:464,11,1,15
BRDA:471,12,0,0
BRDA:471,12,1,15
BRDA:472,13,0,15
BRDA:472,13,1,15
BRDA:488,14,0,2
BRDA:488,14,1,13
BRDA:488,15,0,15
BRDA:488,15,1,2
BRDA:489,16,0,3
BRDA:489,16,1,10
BRDA:489,17,0,13
BRDA:489,17,1,3
BRDA:506,18,0,6
BRDA:506,18,1,9
BRDA:506,19,0,15
BRDA:506,19,1,9
BRDA:510,20,0,2
BRDA:510,20,1,13
BRDA:510,21,0,15
BRDA:510,21,1,13
BRDA:514,22,0,1
BRDA:514,22,1,14
BRDA:514,23,0,15
BRDA:514,23,1,14
BRDA:518,24,0,2
BRDA:518,24,1,13
BRDA:519,25,0,15
BRDA:519,25,1,13
BRDA:519,25,2,13
BRDA:529,26,0,12
BRDA:529,26,1,483
BRDA:549,27,0,5
BRDA:549,27,1,1
BRDA:549,27,2,0
BRDA:549,27,3,1
BRDA:549,27,4,4
BRDA:576,28,0,0
BRDA:576,28,1,0
BRDA:587,29,0,11
BRDA:587,29,1,5
BRDA:589,30,0,6
BRDA:589,30,1,5
BRDA:598,31,0,0
BRDA:598,31,1,0
BRDA:598,31,2,5
BRF:70
BRH:61
end_of_record
TN:
SF:server.js
FN:24,(anonymous_0)
FN:48,(anonymous_1)
FN:51,(anonymous_2)
FN:98,(anonymous_3)
FN:116,(anonymous_4)
FN:120,(anonymous_5)
FN:125,(anonymous_6)
FN:166,(anonymous_7)
FN:200,(anonymous_8)
FN:232,(anonymous_9)
FN:254,(anonymous_10)
FN:269,(anonymous_11)
FN:294,(anonymous_12)
FN:306,(anonymous_13)
FN:324,(anonymous_14)
FN:325,(anonymous_15)
FN:331,(anonymous_16)
FN:375,(anonymous_17)
FN:393,(anonymous_18)
FN:410,(anonymous_19)
FN:425,(anonymous_20)
FN:450,(anonymous_21)
FN:467,(anonymous_22)
FN:477,(anonymous_23)
FNF:24
FNH:8
FNDA:7,(anonymous_0)
FNDA:0,(anonymous_1)
FNDA:0,(anonymous_2)
FNDA:4,(anonymous_3)
FNDA:0,(anonymous_4)
FNDA:1,(anonymous_5)
FNDA:1,(anonymous_6)
FNDA:1,(anonymous_7)
FNDA:0,(anonymous_8)
FNDA:0,(anonymous_9)
FNDA:0,(anonymous_10)
FNDA:0,(anonymous_11)
FNDA:1,(anonymous_12)
FNDA:2,(anonymous_13)
FNDA:1,(anonymous_14)
FNDA:0,(anonymous_15)
FNDA:0,(anonymous_16)
FNDA:0,(anonymous_17)
FNDA:0,(anonymous_18)
FNDA:0,(anonymous_19)
FNDA:0,(anonymous_20)
FNDA:0,(anonymous_21)
FNDA:0,(anonymous_22)
FNDA:0,(anonymous_23)
DA:10,2
DA:11,2
DA:12,2
DA:15,2
DA:17,2
DA:22,2
DA:25,7
DA:26,7
DA:28,0
DA:39,2
DA:40,0
DA:41,0
DA:42,0
DA:49,0
DA:52,0
DA:58,2
DA:68,2
DA:71,2
DA:82,2
DA:85,2
DA:93,2
DA:98,2
DA:99,4
DA:101,4
DA:102,1
DA:105,3
DA:106,3
DA:107,3
DA:108,3
DA:109,3
DA:111,0
DA:116,2
DA:117,0
DA:120,2
DA:121,1
DA:125,2
DA:126,1
DA:127,1
DA:129,1
DA:130,1
DA:131,0
DA:134,1
DA:136,1
DA:143,1
DA:146,1
DA:150,1
DA:161,0
DA:166,2
DA:167,1
DA:168,1
DA:170,1
DA:171,1
DA:172,0
DA:175,1
DA:176,1
DA:177,0
DA:180,1
DA:184,1
DA:195,0
DA:200,2
DA:201,0
DA:202,0
DA:203,0
DA:204,0
DA:206,0
DA:212,0
DA:213,0
DA:214,0
DA:215,0
DA:219,0
DA:222,0
DA:227,0
DA:232,2
DA:233,0
DA:234,0
DA:235,0
DA:240,0
DA:241,0
DA:243,0
DA:244,0
DA:245,0
DA:246,0
DA:247,0
DA:249,0
DA:254,2
DA:255,0
DA:256,0
DA:259,0
DA:260,0
DA:262,0
DA:264,0
DA:269,2
DA:270,0
DA:271,0
DA:273,0
DA:283,0
DA:284,0
DA:287,0
DA:289,0
DA:294,2
DA:295,1
DA:296,1
DA:299,1
DA:301,0
DA:306,2
DA:307,2
DA:308,2
DA:313,1
DA:316,1
DA:321,1
DA:324,1
DA:325,1
DA:327,1
DA:328,1
DA:332,0
DA:333,0
DA:343,1
DA:344,1
DA:345,1
DA:346,1
DA:349,1
DA:357,1
DA:360,1
DA:368,0
DA:369,0
DA:375,2
DA:376,0
DA:377,0
DA:379,0
DA:385,0
DA:386,0
DA:388,0
DA:393,2
DA:394,0
DA:396,0
DA:397,0
DA:398,0
DA:401,0
DA:403,0
DA:405,0
DA:410,2
DA:411,0
DA:412,0
DA:414,0
DA:415,0
DA:418,0
DA:420,0
DA:425,2
DA:426,0
DA:427,0
DA:428,0
DA:439,0
DA:440,0
DA:443,0
DA:445,0
DA:450,2
DA:451,0
DA:452,0
DA:456,0
DA:457,0
DA:460,0
DA:462,0
DA:467,2
DA:468,0
DA:476,2
DA:477,0
DA:478,0
LF:167
LH:78
BRDA:11,0,0,2
BRDA:11,0,1,2
BRDA:12,1,0,2
BRDA:12,1,1,2
BRDA:25,2,0,7
BRDA:25,2,1,0
BRDA:25,3,0,7
BRDA:25,3,1,0
BRDA:39,4,0,0
BRDA:39,4,1,2
BRDA:41,5,0,0
BRDA:41,5,1,0
BRDA:101,6,0,1
BRDA:101,6,1,3
BRDA:101,7,0,4
BRDA:101,7,1,3
BRDA:130,8,0,0
BRDA:130,8,1,1
BRDA:171,9,0,0
BRDA:171,9,1,1
BRDA:176,10,0,0
BRDA:176,10,1,1
BRDA:204,11,0,0
BRDA:204,11,1,0
BRDA:240,12,0,0
BRDA:240,12,1,0
BRDA:259,13,0,0
BRDA:259,13,1,0
BRDA:283,14,0,0
BRDA:283,14,1,0
BRDA:308,15,0,1
BRDA:308,15,1,1
BRDA:309,16,0,2
BRDA:309,16,1,1
BRDA:309,16,2,1
BRDA:364,17,0,1
BRDA:364,17,1,0
BRDA:365,18,0,1
BRDA:365,18,1,0
BRDA:397,19,0,0
BRDA:397,19,1,0
BRDA:414,20,0,0
BRDA:414,20,1,0
BRDA:439,21,0,0
BRDA:439,21,1,0
BRDA:456,22,0,0
BRDA:456,22,1,0
BRDA:471,23,0,0
BRDA:471,23,1,0
BRDA:476,24,0,0
BRDA:476,24,1,2
BRF:51
BRH:22
end_of_record
TN:
SF:services\messageService.js
FN:3,saveMessage
FN:7,getMessagesByUser
FNF:2
FNH:2
FNDA:1,saveMessage
FNDA:1,getMessagesByUser
DA:4,1
DA:8,1
LF:2
LH:2
BRF:0
BRH:0
end_of_record
